<?xml version="1.0" encoding="UTF-8"?>
<!-- Generated by org.testng.reporters.JUnitReportReporter -->
<testsuite skipped="0" hostname="vinayrentals8" name="com.crm.testscripts.OpportunitiesScipts" tests="4" failures="0" timestamp="12 May 2017 05:36:11 GMT" time="22.427" errors="0">
  <testcase name="createOpportunitywithoutAccountandContact" time="5.244" classname="com.crm.testscripts.OpportunitiesScipts"/>
  <testcase name="createOpportunitywithAccountandwithoutContact" time="7.703" classname="com.crm.testscripts.OpportunitiesScipts"/>
  <testcase name="createOpportunitywithoutAccountandwithContact" time="4.620" classname="com.crm.testscripts.OpportunitiesScipts"/>
  <testcase name="createOpportunitywithAccountandContact" time="4.860" classname="com.crm.testscripts.OpportunitiesScipts"/>
</testsuite> <!-- com.crm.testscripts.OpportunitiesScipts -->
