<?xml version="1.0" encoding="UTF-8"?>
<!-- Generated by org.testng.reporters.JUnitReportReporter -->
<testsuite skipped="0" hostname="vinayrentals8" name="com.crm.testscripts.AccountScripts" tests="1" failures="0" timestamp="12 May 2017 05:24:52 GMT" time="13.065" errors="0">
  <testcase name="createAccount" time="13.065" classname="com.crm.testscripts.AccountScripts"/>
</testsuite> <!-- com.crm.testscripts.AccountScripts -->
